2026-05-29T12:29:00.764+05:30  INFO 298984 --- [backend] [main] c.c.backend.BackendApplicationTests      : Starting BackendApplicationTests using Java 17.0.15 with PID 298984 (started by shivanshkumar in /home/shivanshkumar/projects/backend/backend/backend)
2026-05-29T12:29:00.766+05:30 DEBUG 298984 --- [backend] [main] c.c.backend.BackendApplicationTests      : Running with Spring Boot v3.5.14, Spring v6.2.18
2026-05-29T12:29:00.768+05:30  INFO 298984 --- [backend] [main] c.c.backend.BackendApplicationTests      : No active profile set, falling back to 1 default profile: "default"
2026-05-29T12:29:01.656+05:30  INFO 298984 --- [backend] [main] .s.d.r.c.RepositoryConfigurationDelegate : Bootstrapping Spring Data JPA repositories in DEFAULT mode.
2026-05-29T12:29:01.722+05:30  INFO 298984 --- [backend] [main] .s.d.r.c.RepositoryConfigurationDelegate : Finished Spring Data repository scanning in 57 ms. Found 2 JPA repository interfaces.
2026-05-29T12:29:02.450+05:30  INFO 298984 --- [backend] [main] o.hibernate.jpa.internal.util.LogHelper  : HHH000204: Processing PersistenceUnitInfo [name: default]
2026-05-29T12:29:02.524+05:30  INFO 298984 --- [backend] [main] org.hibernate.Version                    : HHH000412: Hibernate ORM core version 6.6.49.Final
2026-05-29T12:29:02.557+05:30  INFO 298984 --- [backend] [main] o.h.c.internal.RegionFactoryInitiator    : HHH000026: Second-level cache disabled
2026-05-29T12:29:02.843+05:30  INFO 298984 --- [backend] [main] o.s.o.j.p.SpringPersistenceUnitInfo      : No LoadTimeWeaver setup: ignoring JPA class transformer
2026-05-29T12:29:02.872+05:30  INFO 298984 --- [backend] [main] com.zaxxer.hikari.HikariDataSource       : HikariPool-1 - Starting...
2026-05-29T12:29:03.051+05:30  INFO 298984 --- [backend] [main] com.zaxxer.hikari.pool.HikariPool        : HikariPool-1 - Added connection com.mysql.cj.jdbc.ConnectionImpl@30fa8a6b
2026-05-29T12:29:03.052+05:30  INFO 298984 --- [backend] [main] com.zaxxer.hikari.HikariDataSource       : HikariPool-1 - Start completed.
2026-05-29T12:29:03.101+05:30  WARN 298984 --- [backend] [main] org.hibernate.orm.deprecation            : HHH90000025: MySQLDialect does not need to be specified explicitly using 'hibernate.dialect' (remove the property setting and it will be selected by default)
2026-05-29T12:29:03.119+05:30  INFO 298984 --- [backend] [main] org.hibernate.orm.connections.pooling    : HHH10001005: Database info:
	Database JDBC URL [Connecting through datasource 'HikariDataSource (HikariPool-1)']
	Database driver: undefined/unknown
	Database version: 8.0.45
	Autocommit mode: undefined/unknown
	Isolation level: undefined/unknown
	Minimum pool size: undefined/unknown
	Maximum pool size: undefined/unknown
2026-05-29T12:29:04.051+05:30  INFO 298984 --- [backend] [main] o.h.e.t.j.p.i.JtaPlatformInitiator       : HHH000489: No JTA platform available (set 'hibernate.transaction.jta.platform' to enable JTA platform integration)
2026-05-29T12:29:04.290+05:30  INFO 298984 --- [backend] [main] j.LocalContainerEntityManagerFactoryBean : Initialized JPA EntityManagerFactory for persistence unit 'default'
2026-05-29T12:29:04.675+05:30  INFO 298984 --- [backend] [main] eAuthenticationProviderManagerConfigurer : Global AuthenticationManager configured with AuthenticationProvider bean with name authenticationProvider
2026-05-29T12:29:04.675+05:30  WARN 298984 --- [backend] [main] r$InitializeUserDetailsManagerConfigurer : Global AuthenticationManager configured with an AuthenticationProvider bean. UserDetailsService beans will not be used by Spring Security for automatically configuring username/password login. Consider removing the AuthenticationProvider bean. Alternatively, consider using the UserDetailsService in a manually instantiated DaoAuthenticationProvider. If the current configuration is intentional, to turn off this warning, increase the logging level of 'org.springframework.security.config.annotation.authentication.configuration.InitializeUserDetailsBeanManagerConfigurer' to ERROR
2026-05-29T12:29:04.765+05:30  WARN 298984 --- [backend] [main] JpaBaseConfiguration$JpaWebConfiguration : spring.jpa.open-in-view is enabled by default. Therefore, database queries may be performed during view rendering. Explicitly configure spring.jpa.open-in-view to disable this warning
2026-05-29T12:29:05.081+05:30 DEBUG 298984 --- [backend] [main] o.s.s.web.DefaultSecurityFilterChain     : Will secure any request with filters: DisableEncodeUrlFilter, WebAsyncManagerIntegrationFilter, SecurityContextHolderFilter, HeaderWriterFilter, LogoutFilter, JwtAuthFilter, RequestCacheAwareFilter, SecurityContextHolderAwareRequestFilter, AnonymousAuthenticationFilter, SessionManagementFilter, ExceptionTranslationFilter, AuthorizationFilter
2026-05-29T12:29:05.361+05:30  INFO 298984 --- [backend] [main] c.c.backend.BackendApplicationTests      : Started BackendApplicationTests in 5.01 seconds (process running for 6.12)
2026-05-29T12:29:05.812+05:30  INFO 298984 --- [backend] [SpringApplicationShutdownHook] j.LocalContainerEntityManagerFactoryBean : Closing JPA EntityManagerFactory for persistence unit 'default'
2026-05-29T12:29:05.814+05:30  INFO 298984 --- [backend] [SpringApplicationShutdownHook] com.zaxxer.hikari.HikariDataSource       : HikariPool-1 - Shutdown initiated...
2026-05-29T12:29:05.820+05:30  INFO 298984 --- [backend] [SpringApplicationShutdownHook] com.zaxxer.hikari.HikariDataSource       : HikariPool-1 - Shutdown completed.
