2026-06-02T14:36:56.991+05:30  INFO 344237 --- [backend] [main] c.carPooling.backend.BackendApplication  : Starting BackendApplication using Java 17.0.15 with PID 344237 (/home/shivanshkumar/projects/backend/backend/target/classes started by shivanshkumar in /home/shivanshkumar/projects/backend/backend)
2026-06-02T14:36:57.002+05:30 DEBUG 344237 --- [backend] [main] c.carPooling.backend.BackendApplication  : Running with Spring Boot v3.5.14, Spring v6.2.18
2026-06-02T14:36:57.003+05:30  INFO 344237 --- [backend] [main] c.carPooling.backend.BackendApplication  : No active profile set, falling back to 1 default profile: "default"
2026-06-02T14:36:57.795+05:30  INFO 344237 --- [backend] [main] .s.d.r.c.RepositoryConfigurationDelegate : Bootstrapping Spring Data JPA repositories in DEFAULT mode.
2026-06-02T14:36:57.870+05:30  INFO 344237 --- [backend] [main] .s.d.r.c.RepositoryConfigurationDelegate : Finished Spring Data repository scanning in 62 ms. Found 2 JPA repository interfaces.
2026-06-02T14:36:58.538+05:30  INFO 344237 --- [backend] [main] o.s.b.w.embedded.tomcat.TomcatWebServer  : Tomcat initialized with port 8089 (http)
2026-06-02T14:36:58.552+05:30  INFO 344237 --- [backend] [main] o.apache.catalina.core.StandardService   : Starting service [Tomcat]
2026-06-02T14:36:58.552+05:30  INFO 344237 --- [backend] [main] o.apache.catalina.core.StandardEngine    : Starting Servlet engine: [Apache Tomcat/10.1.54]
2026-06-02T14:36:58.596+05:30  INFO 344237 --- [backend] [main] o.a.c.c.C.[Tomcat].[localhost].[/]       : Initializing Spring embedded WebApplicationContext
2026-06-02T14:36:58.597+05:30  INFO 344237 --- [backend] [main] w.s.c.ServletWebServerApplicationContext : Root WebApplicationContext: initialization completed in 1543 ms
2026-06-02T14:36:58.753+05:30  INFO 344237 --- [backend] [main] o.hibernate.jpa.internal.util.LogHelper  : HHH000204: Processing PersistenceUnitInfo [name: default]
2026-06-02T14:36:58.830+05:30  INFO 344237 --- [backend] [main] org.hibernate.Version                    : HHH000412: Hibernate ORM core version 6.6.49.Final
2026-06-02T14:36:58.866+05:30  INFO 344237 --- [backend] [main] o.h.c.internal.RegionFactoryInitiator    : HHH000026: Second-level cache disabled
2026-06-02T14:36:59.139+05:30  INFO 344237 --- [backend] [main] o.s.o.j.p.SpringPersistenceUnitInfo      : No LoadTimeWeaver setup: ignoring JPA class transformer
2026-06-02T14:36:59.170+05:30  INFO 344237 --- [backend] [main] com.zaxxer.hikari.HikariDataSource       : HikariPool-1 - Starting...
2026-06-02T14:36:59.406+05:30  INFO 344237 --- [backend] [main] com.zaxxer.hikari.pool.HikariPool        : HikariPool-1 - Added connection com.mysql.cj.jdbc.ConnectionImpl@6253e59a
2026-06-02T14:36:59.407+05:30  INFO 344237 --- [backend] [main] com.zaxxer.hikari.HikariDataSource       : HikariPool-1 - Start completed.
2026-06-02T14:36:59.504+05:30  WARN 344237 --- [backend] [main] org.hibernate.orm.deprecation            : HHH90000025: MySQLDialect does not need to be specified explicitly using 'hibernate.dialect' (remove the property setting and it will be selected by default)
2026-06-02T14:36:59.524+05:30  INFO 344237 --- [backend] [main] org.hibernate.orm.connections.pooling    : HHH10001005: Database info:
	Database JDBC URL [Connecting through datasource 'HikariDataSource (HikariPool-1)']
	Database driver: undefined/unknown
	Database version: 8.0.45
	Autocommit mode: undefined/unknown
	Isolation level: undefined/unknown
	Minimum pool size: undefined/unknown
	Maximum pool size: undefined/unknown
2026-06-02T14:37:00.379+05:30  INFO 344237 --- [backend] [main] o.h.e.t.j.p.i.JtaPlatformInitiator       : HHH000489: No JTA platform available (set 'hibernate.transaction.jta.platform' to enable JTA platform integration)
2026-06-02T14:37:00.561+05:30  INFO 344237 --- [backend] [main] j.LocalContainerEntityManagerFactoryBean : Initialized JPA EntityManagerFactory for persistence unit 'default'
2026-06-02T14:37:00.900+05:30 DEBUG 344237 --- [backend] [main] c.c.backend.security.JwtAuthFilter       : Filter 'jwtAuthFilter' configured for use
2026-06-02T14:37:00.968+05:30  INFO 344237 --- [backend] [main] eAuthenticationProviderManagerConfigurer : Global AuthenticationManager configured with AuthenticationProvider bean with name authenticationProvider
2026-06-02T14:37:00.969+05:30  WARN 344237 --- [backend] [main] r$InitializeUserDetailsManagerConfigurer : Global AuthenticationManager configured with an AuthenticationProvider bean. UserDetailsService beans will not be used by Spring Security for automatically configuring username/password login. Consider removing the AuthenticationProvider bean. Alternatively, consider using the UserDetailsService in a manually instantiated DaoAuthenticationProvider. If the current configuration is intentional, to turn off this warning, increase the logging level of 'org.springframework.security.config.annotation.authentication.configuration.InitializeUserDetailsBeanManagerConfigurer' to ERROR
2026-06-02T14:37:01.058+05:30  WARN 344237 --- [backend] [main] JpaBaseConfiguration$JpaWebConfiguration : spring.jpa.open-in-view is enabled by default. Therefore, database queries may be performed during view rendering. Explicitly configure spring.jpa.open-in-view to disable this warning
2026-06-02T14:37:01.325+05:30 DEBUG 344237 --- [backend] [main] o.s.s.web.DefaultSecurityFilterChain     : Will secure any request with filters: DisableEncodeUrlFilter, WebAsyncManagerIntegrationFilter, SecurityContextHolderFilter, HeaderWriterFilter, LogoutFilter, JwtAuthFilter, RequestCacheAwareFilter, SecurityContextHolderAwareRequestFilter, AnonymousAuthenticationFilter, SessionManagementFilter, ExceptionTranslationFilter, AuthorizationFilter
2026-06-02T14:37:01.528+05:30  INFO 344237 --- [backend] [main] o.s.b.w.embedded.tomcat.TomcatWebServer  : Tomcat started on port 8089 (http) with context path '/'
2026-06-02T14:37:01.539+05:30  INFO 344237 --- [backend] [main] c.carPooling.backend.BackendApplication  : Started BackendApplication in 5.244 seconds (process running for 5.73)
2026-06-02T14:48:05.815+05:30  INFO 344237 --- [backend] [http-nio-8089-exec-1] o.a.c.c.C.[Tomcat].[localhost].[/]       : Initializing Spring DispatcherServlet 'dispatcherServlet'
2026-06-02T14:48:05.815+05:30  INFO 344237 --- [backend] [http-nio-8089-exec-1] o.s.web.servlet.DispatcherServlet        : Initializing Servlet 'dispatcherServlet'
2026-06-02T14:48:05.816+05:30  INFO 344237 --- [backend] [http-nio-8089-exec-1] o.s.web.servlet.DispatcherServlet        : Completed initialization in 1 ms
2026-06-02T14:48:05.827+05:30 DEBUG 344237 --- [backend] [http-nio-8089-exec-1] o.s.security.web.FilterChainProxy        : Securing POST /api/user/logout
2026-06-02T14:48:05.831+05:30 DEBUG 344237 --- [backend] [http-nio-8089-exec-1] o.s.s.w.a.AnonymousAuthenticationFilter  : Set SecurityContextHolder to anonymous SecurityContext
2026-06-02T14:48:05.833+05:30 DEBUG 344237 --- [backend] [http-nio-8089-exec-1] o.s.s.w.a.Http403ForbiddenEntryPoint     : Pre-authenticated entry point called. Rejecting access
2026-06-02T14:48:05.839+05:30 DEBUG 344237 --- [backend] [http-nio-8089-exec-1] o.s.security.web.FilterChainProxy        : Securing POST /error
2026-06-02T14:48:05.839+05:30 DEBUG 344237 --- [backend] [http-nio-8089-exec-1] o.s.s.w.a.AnonymousAuthenticationFilter  : Set SecurityContextHolder to anonymous SecurityContext
2026-06-02T14:48:05.839+05:30 DEBUG 344237 --- [backend] [http-nio-8089-exec-1] o.s.s.w.a.Http403ForbiddenEntryPoint     : Pre-authenticated entry point called. Rejecting access
2026-06-02T14:48:44.413+05:30 DEBUG 344237 --- [backend] [http-nio-8089-exec-3] o.s.security.web.FilterChainProxy        : Securing POST /api/auth/login
2026-06-02T14:48:44.413+05:30 DEBUG 344237 --- [backend] [http-nio-8089-exec-3] o.s.s.w.a.AnonymousAuthenticationFilter  : Set SecurityContextHolder to anonymous SecurityContext
2026-06-02T14:48:44.414+05:30 DEBUG 344237 --- [backend] [http-nio-8089-exec-3] o.s.security.web.FilterChainProxy        : Secured POST /api/auth/login
2026-06-02T14:48:57.067+05:30 DEBUG 344237 --- [backend] [http-nio-8089-exec-4] o.s.security.web.FilterChainProxy        : Securing POST /api/user/logout
2026-06-02T14:48:57.067+05:30 DEBUG 344237 --- [backend] [http-nio-8089-exec-4] o.s.s.w.a.AnonymousAuthenticationFilter  : Set SecurityContextHolder to anonymous SecurityContext
2026-06-02T14:48:57.068+05:30 DEBUG 344237 --- [backend] [http-nio-8089-exec-4] o.s.s.w.a.Http403ForbiddenEntryPoint     : Pre-authenticated entry point called. Rejecting access
2026-06-02T14:48:57.069+05:30 DEBUG 344237 --- [backend] [http-nio-8089-exec-4] o.s.security.web.FilterChainProxy        : Securing POST /error
2026-06-02T14:48:57.069+05:30 DEBUG 344237 --- [backend] [http-nio-8089-exec-4] o.s.s.w.a.AnonymousAuthenticationFilter  : Set SecurityContextHolder to anonymous SecurityContext
2026-06-02T14:48:57.070+05:30 DEBUG 344237 --- [backend] [http-nio-8089-exec-4] o.s.s.w.a.Http403ForbiddenEntryPoint     : Pre-authenticated entry point called. Rejecting access
2026-06-02T14:49:30.072+05:30 DEBUG 344237 --- [backend] [http-nio-8089-exec-5] o.s.security.web.FilterChainProxy        : Securing POST /api/user/logout
2026-06-02T14:49:30.073+05:30 DEBUG 344237 --- [backend] [http-nio-8089-exec-5] o.s.s.w.a.AnonymousAuthenticationFilter  : Set SecurityContextHolder to anonymous SecurityContext
2026-06-02T14:49:30.074+05:30 DEBUG 344237 --- [backend] [http-nio-8089-exec-5] o.s.s.w.a.Http403ForbiddenEntryPoint     : Pre-authenticated entry point called. Rejecting access
2026-06-02T14:49:30.076+05:30 DEBUG 344237 --- [backend] [http-nio-8089-exec-5] o.s.security.web.FilterChainProxy        : Securing POST /error
2026-06-02T14:49:30.077+05:30 DEBUG 344237 --- [backend] [http-nio-8089-exec-5] o.s.s.w.a.AnonymousAuthenticationFilter  : Set SecurityContextHolder to anonymous SecurityContext
2026-06-02T14:49:30.077+05:30 DEBUG 344237 --- [backend] [http-nio-8089-exec-5] o.s.s.w.a.Http403ForbiddenEntryPoint     : Pre-authenticated entry point called. Rejecting access
2026-06-02T14:50:11.208+05:30 DEBUG 344237 --- [backend] [http-nio-8089-exec-6] o.s.security.web.FilterChainProxy        : Securing POST /api/user/logout
2026-06-02T14:50:11.254+05:30 DEBUG 344237 --- [backend] [http-nio-8089-exec-6] o.s.security.web.FilterChainProxy        : Secured POST /api/user/logout
2026-06-02T14:57:03.385+05:30  INFO 344237 --- [backend] [SpringApplicationShutdownHook] o.s.b.w.e.tomcat.GracefulShutdown        : Commencing graceful shutdown. Waiting for active requests to complete
2026-06-02T14:57:03.388+05:30  INFO 344237 --- [backend] [tomcat-shutdown] o.s.b.w.e.tomcat.GracefulShutdown        : Graceful shutdown complete
2026-06-02T14:57:03.394+05:30  INFO 344237 --- [backend] [SpringApplicationShutdownHook] j.LocalContainerEntityManagerFactoryBean : Closing JPA EntityManagerFactory for persistence unit 'default'
2026-06-02T14:57:03.397+05:30  INFO 344237 --- [backend] [SpringApplicationShutdownHook] com.zaxxer.hikari.HikariDataSource       : HikariPool-1 - Shutdown initiated...
2026-06-02T14:57:03.404+05:30  INFO 344237 --- [backend] [SpringApplicationShutdownHook] com.zaxxer.hikari.HikariDataSource       : HikariPool-1 - Shutdown completed.
